  CStrat.cpp
D:\Projects\HackerTools\HackerTools\CStrat.cpp(243): warning C4311: “类型强制转换”: 从“HINSTANCE”到“DWORD”的指针截断
D:\Projects\HackerTools\HackerTools\CStrat.cpp(243): warning C4302: “类型强制转换”: 从“HINSTANCE”到“DWORD”截断
D:\Projects\HackerTools\HackerTools\CStrat.cpp(442): warning C4311: “类型强制转换”: 从“PIMAGE_DOS_HEADER”到“ULONG32”的指针截断
D:\Projects\HackerTools\HackerTools\CStrat.cpp(442): warning C4302: “类型强制转换”: 从“PIMAGE_DOS_HEADER”到“ULONG32”截断
D:\Projects\HackerTools\HackerTools\CStrat.cpp(442): warning C4312: “类型强制转换”: 从“unsigned long”转换到更大的“PIMAGE_NT_HEADERS”
D:\Projects\HackerTools\HackerTools\CStrat.cpp(461): warning C4311: “类型强制转换”: 从“PIMAGE_DOS_HEADER”到“ULONG32”的指针截断
D:\Projects\HackerTools\HackerTools\CStrat.cpp(461): warning C4302: “类型强制转换”: 从“PIMAGE_DOS_HEADER”到“ULONG32”截断
D:\Projects\HackerTools\HackerTools\CStrat.cpp(461): warning C4312: “类型强制转换”: 从“unsigned long”转换到更大的“PIMAGE_NT_HEADERS”
D:\Projects\HackerTools\HackerTools\CStrat.cpp(468): warning C4311: “类型强制转换”: 从“PIMAGE_NT_HEADERS”到“DWORD”的指针截断
D:\Projects\HackerTools\HackerTools\CStrat.cpp(468): warning C4302: “类型强制转换”: 从“PIMAGE_NT_HEADERS”到“DWORD”截断
D:\Projects\HackerTools\HackerTools\CStrat.cpp(486): warning C4311: “类型强制转换”: 从“LPVOID”到“DWORD”的指针截断
D:\Projects\HackerTools\HackerTools\CStrat.cpp(486): warning C4302: “类型强制转换”: 从“LPVOID”到“DWORD”截断
D:\Projects\HackerTools\HackerTools\CStrat.cpp(486): warning C4312: “类型强制转换”: 从“unsigned long”转换到更大的“LPVOID”
D:\Projects\HackerTools\HackerTools\CStrat.cpp(487): warning C4311: “类型强制转换”: 从“LPVOID”到“DWORD”的指针截断
D:\Projects\HackerTools\HackerTools\CStrat.cpp(487): warning C4302: “类型强制转换”: 从“LPVOID”到“DWORD”截断
D:\Projects\HackerTools\HackerTools\CStrat.cpp(487): warning C4312: “类型强制转换”: 从“unsigned long”转换到更大的“LPVOID”
D:\Projects\HackerTools\HackerTools\CStrat.cpp(521): warning C4311: “类型强制转换”: 从“PIMAGE_DOS_HEADER”到“ULONG32”的指针截断
D:\Projects\HackerTools\HackerTools\CStrat.cpp(521): warning C4302: “类型强制转换”: 从“PIMAGE_DOS_HEADER”到“ULONG32”截断
D:\Projects\HackerTools\HackerTools\CStrat.cpp(521): warning C4312: “类型强制转换”: 从“unsigned long”转换到更大的“PIMAGE_NT_HEADERS”
D:\Projects\HackerTools\HackerTools\CStrat.cpp(522): warning C4311: “类型强制转换”: 从“PIMAGE_DOS_HEADER”到“unsigned long”的指针截断
D:\Projects\HackerTools\HackerTools\CStrat.cpp(522): warning C4302: “类型强制转换”: 从“PIMAGE_DOS_HEADER”到“unsigned long”截断
D:\Projects\HackerTools\HackerTools\CStrat.cpp(523): warning C4312: “类型强制转换”: 从“unsigned long”转换到更大的“PIMAGE_BASE_RELOCATION”
D:\Projects\HackerTools\HackerTools\CStrat.cpp(547): warning C4311: “类型强制转换”: 从“PIMAGE_DOS_HEADER”到“DWORD”的指针截断
D:\Projects\HackerTools\HackerTools\CStrat.cpp(547): warning C4302: “类型强制转换”: 从“PIMAGE_DOS_HEADER”到“DWORD”截断
D:\Projects\HackerTools\HackerTools\CStrat.cpp(547): warning C4244: “初始化”: 从“ULONGLONG”转换到“DWORD”，可能丢失数据
D:\Projects\HackerTools\HackerTools\CStrat.cpp(571): warning C4311: “类型强制转换”: 从“PIMAGE_DOS_HEADER”到“ULONG32”的指针截断
D:\Projects\HackerTools\HackerTools\CStrat.cpp(571): warning C4302: “类型强制转换”: 从“PIMAGE_DOS_HEADER”到“ULONG32”截断
D:\Projects\HackerTools\HackerTools\CStrat.cpp(571): warning C4312: “类型强制转换”: 从“unsigned long”转换到更大的“PIMAGE_NT_HEADERS”
D:\Projects\HackerTools\HackerTools\CStrat.cpp(572): warning C4311: “类型强制转换”: 从“PIMAGE_DOS_HEADER”到“DWORD”的指针截断
D:\Projects\HackerTools\HackerTools\CStrat.cpp(572): warning C4302: “类型强制转换”: 从“PIMAGE_DOS_HEADER”到“DWORD”截断
D:\Projects\HackerTools\HackerTools\CStrat.cpp(573): warning C4312: “类型强制转换”: 从“unsigned long”转换到更大的“PIMAGE_IMPORT_DESCRIPTOR”
D:\Projects\HackerTools\HackerTools\CStrat.cpp(591): warning C4311: “类型强制转换”: 从“PIMAGE_DOS_HEADER”到“DWORD”的指针截断
D:\Projects\HackerTools\HackerTools\CStrat.cpp(591): warning C4302: “类型强制转换”: 从“PIMAGE_DOS_HEADER”到“DWORD”截断
D:\Projects\HackerTools\HackerTools\CStrat.cpp(591): warning C4312: “类型强制转换”: 从“unsigned long”转换到更大的“char *”
D:\Projects\HackerTools\HackerTools\CStrat.cpp(605): warning C4311: “类型强制转换”: 从“PIMAGE_DOS_HEADER”到“DWORD”的指针截断
D:\Projects\HackerTools\HackerTools\CStrat.cpp(605): warning C4302: “类型强制转换”: 从“PIMAGE_DOS_HEADER”到“DWORD”截断
D:\Projects\HackerTools\HackerTools\CStrat.cpp(605): warning C4312: “类型强制转换”: 从“unsigned long”转换到更大的“PIMAGE_THUNK_DATA”
D:\Projects\HackerTools\HackerTools\CStrat.cpp(607): warning C4311: “类型强制转换”: 从“PIMAGE_DOS_HEADER”到“DWORD”的指针截断
D:\Projects\HackerTools\HackerTools\CStrat.cpp(607): warning C4302: “类型强制转换”: 从“PIMAGE_DOS_HEADER”到“DWORD”截断
D:\Projects\HackerTools\HackerTools\CStrat.cpp(607): warning C4312: “类型强制转换”: 从“unsigned long”转换到更大的“PIMAGE_THUNK_DATA”
D:\Projects\HackerTools\HackerTools\CStrat.cpp(616): warning C4311: “类型强制转换”: 从“PIMAGE_DOS_HEADER”到“DWORD”的指针截断
D:\Projects\HackerTools\HackerTools\CStrat.cpp(616): warning C4302: “类型强制转换”: 从“PIMAGE_DOS_HEADER”到“DWORD”截断
D:\Projects\HackerTools\HackerTools\CStrat.cpp(631): warning C4311: “类型强制转换”: 从“FARPROC”到“DWORD”的指针截断
D:\Projects\HackerTools\HackerTools\CStrat.cpp(631): warning C4302: “类型强制转换”: 从“FARPROC”到“DWORD”截断
D:\Projects\HackerTools\HackerTools\CStrat.cpp(652): warning C4311: “类型强制转换”: 从“PIMAGE_DOS_HEADER”到“ULONG32”的指针截断
D:\Projects\HackerTools\HackerTools\CStrat.cpp(652): warning C4302: “类型强制转换”: 从“PIMAGE_DOS_HEADER”到“ULONG32”截断
D:\Projects\HackerTools\HackerTools\CStrat.cpp(652): warning C4312: “类型强制转换”: 从“unsigned long”转换到更大的“PIMAGE_NT_HEADERS”
D:\Projects\HackerTools\HackerTools\CStrat.cpp(653): warning C4311: “类型强制转换”: 从“LPVOID”到“ULONG32”的指针截断
D:\Projects\HackerTools\HackerTools\CStrat.cpp(653): warning C4302: “类型强制转换”: 从“LPVOID”到“ULONG32”截断
D:\Projects\HackerTools\HackerTools\CStrat.cpp(672): warning C4311: “类型强制转换”: 从“PIMAGE_DOS_HEADER”到“ULONG32”的指针截断
D:\Projects\HackerTools\HackerTools\CStrat.cpp(672): warning C4302: “类型强制转换”: 从“PIMAGE_DOS_HEADER”到“ULONG32”截断
D:\Projects\HackerTools\HackerTools\CStrat.cpp(672): warning C4312: “类型强制转换”: 从“unsigned long”转换到更大的“PIMAGE_NT_HEADERS”
D:\Projects\HackerTools\HackerTools\CStrat.cpp(674): warning C4311: “类型强制转换”: 从“PIMAGE_DOS_HEADER”到“ULONG32”的指针截断
D:\Projects\HackerTools\HackerTools\CStrat.cpp(674): warning C4302: “类型强制转换”: 从“PIMAGE_DOS_HEADER”到“ULONG32”截断
D:\Projects\HackerTools\HackerTools\CStrat.cpp(674): warning C4312: “类型强制转换”: 从“unsigned long”转换到更大的“typedef_DllMain”
D:\Projects\HackerTools\HackerTools\CStrat.cpp(700): warning C4311: “类型强制转换”: 从“PIMAGE_DOS_HEADER”到“ULONG32”的指针截断
D:\Projects\HackerTools\HackerTools\CStrat.cpp(700): warning C4302: “类型强制转换”: 从“PIMAGE_DOS_HEADER”到“ULONG32”截断
D:\Projects\HackerTools\HackerTools\CStrat.cpp(700): warning C4312: “类型强制转换”: 从“unsigned long”转换到更大的“PIMAGE_NT_HEADERS”
D:\Projects\HackerTools\HackerTools\CStrat.cpp(701): warning C4311: “类型强制转换”: 从“PIMAGE_DOS_HEADER”到“DWORD”的指针截断
D:\Projects\HackerTools\HackerTools\CStrat.cpp(701): warning C4302: “类型强制转换”: 从“PIMAGE_DOS_HEADER”到“DWORD”截断
D:\Projects\HackerTools\HackerTools\CStrat.cpp(701): warning C4312: “类型强制转换”: 从“unsigned long”转换到更大的“PIMAGE_EXPORT_DIRECTORY”
D:\Projects\HackerTools\HackerTools\CStrat.cpp(703): warning C4311: “类型强制转换”: 从“PIMAGE_DOS_HEADER”到“DWORD”的指针截断
D:\Projects\HackerTools\HackerTools\CStrat.cpp(703): warning C4302: “类型强制转换”: 从“PIMAGE_DOS_HEADER”到“DWORD”截断
D:\Projects\HackerTools\HackerTools\CStrat.cpp(703): warning C4312: “类型强制转换”: 从“unsigned long”转换到更大的“PDWORD”
D:\Projects\HackerTools\HackerTools\CStrat.cpp(705): warning C4311: “类型强制转换”: 从“PIMAGE_DOS_HEADER”到“DWORD”的指针截断
D:\Projects\HackerTools\HackerTools\CStrat.cpp(705): warning C4302: “类型强制转换”: 从“PIMAGE_DOS_HEADER”到“DWORD”截断
D:\Projects\HackerTools\HackerTools\CStrat.cpp(705): warning C4312: “类型强制转换”: 从“unsigned long”转换到更大的“PWORD”
D:\Projects\HackerTools\HackerTools\CStrat.cpp(707): warning C4311: “类型强制转换”: 从“PIMAGE_DOS_HEADER”到“DWORD”的指针截断
D:\Projects\HackerTools\HackerTools\CStrat.cpp(707): warning C4302: “类型强制转换”: 从“PIMAGE_DOS_HEADER”到“DWORD”截断
D:\Projects\HackerTools\HackerTools\CStrat.cpp(707): warning C4312: “类型强制转换”: 从“unsigned long”转换到更大的“PDWORD”
D:\Projects\HackerTools\HackerTools\CStrat.cpp(714): warning C4311: “类型强制转换”: 从“PIMAGE_DOS_HEADER”到“DWORD”的指针截断
D:\Projects\HackerTools\HackerTools\CStrat.cpp(714): warning C4302: “类型强制转换”: 从“PIMAGE_DOS_HEADER”到“DWORD”截断
D:\Projects\HackerTools\HackerTools\CStrat.cpp(714): warning C4312: “类型强制转换”: 从“unsigned long”转换到更大的“PCHAR”
D:\Projects\HackerTools\HackerTools\CStrat.cpp(719): warning C4311: “类型强制转换”: 从“PIMAGE_DOS_HEADER”到“DWORD”的指针截断
D:\Projects\HackerTools\HackerTools\CStrat.cpp(719): warning C4302: “类型强制转换”: 从“PIMAGE_DOS_HEADER”到“DWORD”截断
D:\Projects\HackerTools\HackerTools\CStrat.cpp(719): warning C4312: “类型强制转换”: 从“unsigned long”转换到更大的“LPVOID”
  HackerTools.vcxproj -> D:\Projects\HackerTools\x64\Debug\HackerTools.exe
